  Building 'V3DQPU' with toolset 'WindowsKernelModeDriver10.0' and the 'Universal' target platform.
  Stamping ARM64\Debug\V3DQPU.inf
  Stamping [Version] section with DriverVer=10/08/2021,20.45.46.895
  driver.cxx
  dxgkddi.cxx
  Generating code
  Finished generating code
  V3DQPU.vcxproj -> C:\Users\Alastair\Documents\Visual Studio 2019\Projects\V3DQPU\ARM64\Debug\V3DQPU.sys
  Done Adding Additional Store
  Successfully signed: C:\Users\Alastair\Documents\Visual Studio 2019\Projects\V3DQPU\ARM64\Debug\V3DQPU.sys
  
  Driver is 'Universal'.
  ........................
  Signability test complete.
  
  Errors:
  None
  
  Warnings:
  None
  
  Catalog generation complete.
  C:\Users\Alastair\Documents\Visual Studio 2019\Projects\V3DQPU\ARM64\Debug\V3DQPU\v3dqpu.cat
  Done Adding Additional Store
  Successfully signed: C:\Users\Alastair\Documents\Visual Studio 2019\Projects\V3DQPU\ARM64\Debug\V3DQPU\v3dqpu.cat
  
